# JRE version: OpenJDK Runtime Environment Temurin-17.0.10+7 (17.0.10+7) (build 17.0.10+7)
# Java VM: OpenJDK 64-Bit Server VM Temurin-17.0.10+7 (17.0.10+7, mixed mode, tiered, compressed oops, compressed class ptrs, g1 gc, windows-amd64)
GC Precious Log:
 CPUs: 8 total, 8 available
 Memory: 7987M
 Large Page Support: Disabled
 NUMA Support: Disabled
 Compressed Oops: Enabled (32-bit)
 Heap Region Size: 1M
 Heap Min Capacity: 8M
 Heap Initial Capacity: 126M
 Heap Max Capacity: 1998M
 Pre-touch: Disabled
 Parallel Workers: 8
 Concurrent Workers: 2
 Concurrent Refinement Workers: 8
 Periodic GC: Disabled
Heap:
 garbage-first heap   total 119808K, used 68236K [0x0000000083200000, 0x0000000100000000)
  region size 1024K, 26 young (26624K), 5 survivors (5120K)
 Metaspace       used 109408K, committed 110016K, reserved 1179648K
  class space    used 14704K, committed 14976K, reserved 1048576K
GC Heap History (20 events):
Event: 9.061 GC heap before
{Heap before GC invocations=22 (full 0):
 garbage-first heap   total 61440K, used 50382K [0x0000000083200000, 0x0000000100000000)
  region size 1024K, 22 young (22528K), 3 survivors (3072K)
 Metaspace       used 93774K, committed 94400K, reserved 1179648K
  class space    used 12448K, committed 12736K, reserved 1048576K
}
Event: 9.068 GC heap after
{Heap after GC invocations=23 (full 0):
 garbage-first heap   total 61440K, used 32438K [0x0000000083200000, 0x0000000100000000)
  region size 1024K, 3 young (3072K), 3 survivors (3072K)
 Metaspace       used 93774K, committed 94400K, reserved 1179648K
  class space    used 12448K, committed 12736K, reserved 1048576K
}
Event: 9.179 GC heap before
{Heap before GC invocations=24 (full 0):
 garbage-first heap   total 61440K, used 49846K [0x0000000083200000, 0x0000000100000000)
  region size 1024K, 20 young (20480K), 3 survivors (3072K)
 Metaspace       used 93984K, committed 94592K, reserved 1179648K
  class space    used 12481K, committed 12736K, reserved 1048576K
}
Event: 9.183 GC heap after
{Heap after GC invocations=25 (full 0):
 garbage-first heap   total 61440K, used 33849K [0x0000000083200000, 0x0000000100000000)
  region size 1024K, 2 young (2048K), 2 survivors (2048K)
 Metaspace       used 93984K, committed 94592K, reserved 1179648K
  class space    used 12481K, committed 12736K, reserved 1048576K
}
Event: 9.264 GC heap before
{Heap before GC invocations=25 (full 0):
 garbage-first heap   total 61440K, used 50233K [0x0000000083200000, 0x0000000100000000)
  region size 1024K, 18 young (18432K), 2 survivors (2048K)
 Metaspace       used 93985K, committed 94592K, reserved 1179648K
  class space    used 12483K, committed 12736K, reserved 1048576K
}
Event: 9.268 GC heap after
{Heap after GC invocations=26 (full 0):
 garbage-first heap   total 61440K, used 39258K [0x0000000083200000, 0x0000000100000000)
  region size 1024K, 3 young (3072K), 3 survivors (3072K)
 Metaspace       used 93985K, committed 94592K, reserved 1179648K
  class space    used 12483K, committed 12736K, reserved 1048576K
}
Event: 9.304 GC heap before
{Heap before GC invocations=26 (full 0):
 garbage-first heap   total 81920K, used 48474K [0x0000000083200000, 0x0000000100000000)
  region size 1024K, 12 young (12288K), 3 survivors (3072K)
 Metaspace       used 93985K, committed 94592K, reserved 1179648K
  class space    used 12483K, committed 12736K, reserved 1048576K
}
Event: 9.308 GC heap after
{Heap after GC invocations=27 (full 0):
 garbage-first heap   total 81920K, used 42033K [0x0000000083200000, 0x0000000100000000)
  region size 1024K, 2 young (2048K), 2 survivors (2048K)
 Metaspace       used 93985K, committed 94592K, reserved 1179648K
  class space    used 12483K, committed 12736K, reserved 1048576K
}
Event: 9.480 GC heap before
{Heap before GC invocations=28 (full 0):
 garbage-first heap   total 81920K, used 60465K [0x0000000083200000, 0x0000000100000000)
  region size 1024K, 20 young (20480K), 2 survivors (2048K)
 Metaspace       used 95576K, committed 96192K, reserved 1179648K
  class space    used 12917K, committed 13184K, reserved 1048576K
}
Event: 9.485 GC heap after
{Heap after GC invocations=29 (full 0):
 garbage-first heap   total 81920K, used 44642K [0x0000000083200000, 0x0000000100000000)
  region size 1024K, 3 young (3072K), 3 survivors (3072K)
 Metaspace       used 95576K, committed 96192K, reserved 1179648K
  class space    used 12917K, committed 13184K, reserved 1048576K
}
Event: 9.707 GC heap before
{Heap before GC invocations=29 (full 0):
 garbage-first heap   total 81920K, used 61026K [0x0000000083200000, 0x0000000100000000)
  region size 1024K, 20 young (20480K), 3 survivors (3072K)
 Metaspace       used 97956K, committed 98560K, reserved 1179648K
  class space    used 13296K, committed 13568K, reserved 1048576K
}
Event: 9.710 GC heap after
{Heap after GC invocations=30 (full 0):
 garbage-first heap   total 119808K, used 44178K [0x0000000083200000, 0x0000000100000000)
  region size 1024K, 1 young (1024K), 1 survivors (1024K)
 Metaspace       used 97956K, committed 98560K, reserved 1179648K
  class space    used 13296K, committed 13568K, reserved 1048576K
}
Event: 10.515 GC heap before
{Heap before GC invocations=31 (full 0):
 garbage-first heap   total 119808K, used 84114K [0x0000000083200000, 0x0000000100000000)
  region size 1024K, 43 young (44032K), 1 survivors (1024K)
 Metaspace       used 102111K, committed 102720K, reserved 1179648K
  class space    used 13856K, committed 14144K, reserved 1048576K
}
Event: 10.519 GC heap after
{Heap after GC invocations=32 (full 0):
 garbage-first heap   total 119808K, used 43810K [0x0000000083200000, 0x0000000100000000)
  region size 1024K, 4 young (4096K), 4 survivors (4096K)
 Metaspace       used 102111K, committed 102720K, reserved 1179648K
  class space    used 13856K, committed 14144K, reserved 1048576K
}
Event: 10.530 GC heap before
{Heap before GC invocations=32 (full 0):
 garbage-first heap   total 119808K, used 44834K [0x0000000083200000, 0x0000000100000000)
  region size 1024K, 5 young (5120K), 4 survivors (4096K)
 Metaspace       used 102267K, committed 102848K, reserved 1179648K
  class space    used 13867K, committed 14144K, reserved 1048576K
}
Event: 10.533 GC heap after
{Heap after GC invocations=33 (full 0):
 garbage-first heap   total 119808K, used 43146K [0x0000000083200000, 0x0000000100000000)
  region size 1024K, 1 young (1024K), 1 survivors (1024K)
 Metaspace       used 102267K, committed 102848K, reserved 1179648K
  class space    used 13867K, committed 14144K, reserved 1048576K
}
Event: 3068.241 GC heap before
{Heap before GC invocations=33 (full 0):
 garbage-first heap   total 119808K, used 88202K [0x0000000083200000, 0x0000000100000000)
  region size 1024K, 46 young (47104K), 1 survivors (1024K)
 Metaspace       used 108860K, committed 109504K, reserved 1179648K
  class space    used 14689K, committed 14976K, reserved 1048576K
}
Event: 3068.304 GC heap after
{Heap after GC invocations=34 (full 0):
 garbage-first heap   total 119808K, used 45635K [0x0000000083200000, 0x0000000100000000)
  region size 1024K, 3 young (3072K), 3 survivors (3072K)
 Metaspace       used 108860K, committed 109504K, reserved 1179648K
  class space    used 14689K, committed 14976K, reserved 1048576K
}
Event: 16352.501 GC heap before
{Heap before GC invocations=34 (full 0):
 garbage-first heap   total 119808K, used 91715K [0x0000000083200000, 0x0000000100000000)
  region size 1024K, 49 young (50176K), 3 survivors (3072K)
 Metaspace       used 109158K, committed 109760K, reserved 1179648K
  class space    used 14689K, committed 14976K, reserved 1048576K
}
Event: 16352.630 GC heap after
{Heap after GC invocations=35 (full 0):
 garbage-first heap   total 119808K, used 47756K [0x0000000083200000, 0x0000000100000000)
  region size 1024K, 5 young (5120K), 5 survivors (5120K)
 Metaspace       used 109158K, committed 109760K, reserved 1179648K
  class space    used 14689K, committed 14976K, reserved 1048576K
}

